<?xml version="1.0" encoding="UTF-8"?>
<testng-results ignored="0" total="2" passed="2" failed="0" skipped="0">
  <reporter-output>
  </reporter-output>
  <suite started-at="2022-09-15T12:08:33 IST" name="Default suite" finished-at="2022-09-15T12:08:59 IST" duration-ms="26380">
    <groups>
    </groups>
    <test started-at="2022-09-15T12:08:33 IST" name="Default test" finished-at="2022-09-15T12:08:59 IST" duration-ms="26380">
      <class name="Tests.TestValidation">
        <test-method is-config="true" signature="setup()[pri:0, instance:Tests.TestValidation@60bd273d]" started-at="2022-09-15T12:08:33 IST" name="setup" finished-at="2022-09-15T12:08:36 IST" duration-ms="2972" status="PASS">
          <reporter-output>
          </reporter-output>
        </test-method> <!-- setup -->
        <test-method signature="imdbTest()[pri:0, instance:Tests.TestValidation@60bd273d]" started-at="2022-09-15T12:08:36 IST" name="imdbTest" finished-at="2022-09-15T12:08:53 IST" duration-ms="16616" status="PASS">
          <reporter-output>
          </reporter-output>
        </test-method> <!-- imdbTest -->
        <test-method signature="wikiTest()[pri:0, instance:Tests.TestValidation@60bd273d]" started-at="2022-09-15T12:08:53 IST" name="wikiTest" finished-at="2022-09-15T12:08:59 IST" duration-ms="6245" status="PASS">
          <reporter-output>
          </reporter-output>
        </test-method> <!-- wikiTest -->
        <test-method is-config="true" signature="tear()[pri:0, instance:Tests.TestValidation@60bd273d]" started-at="2022-09-15T12:08:59 IST" name="tear" finished-at="2022-09-15T12:08:59 IST" duration-ms="467" status="PASS">
          <reporter-output>
          </reporter-output>
        </test-method> <!-- tear -->
      </class> <!-- Tests.TestValidation -->
    </test> <!-- Default test -->
  </suite> <!-- Default suite -->
</testng-results>
